/!\ FAILSAFE /!\  Fri Aug 16 12:17:55 +0530 2013
  Status: 500 Internal Server Error
  Unknown database 'test_app_v3_development'
    /Users/tholkappiyan/.rvm/gems/ruby-1.8.7-p371@rails2.3.18/gems/activerecord-2.3.18/lib/active_record/connection_adapters/mysql_adapter.rb:620:in `real_connect'
    /Users/tholkappiyan/.rvm/gems/ruby-1.8.7-p371@rails2.3.18/gems/activerecord-2.3.18/lib/active_record/connection_adapters/mysql_adapter.rb:620:in `connect'
    /Users/tholkappiyan/.rvm/gems/ruby-1.8.7-p371@rails2.3.18/gems/activerecord-2.3.18/lib/active_record/connection_adapters/mysql_adapter.rb:203:in `initialize'
    /Users/tholkappiyan/.rvm/gems/ruby-1.8.7-p371@rails2.3.18/gems/activerecord-2.3.18/lib/active_record/connection_adapters/mysql_adapter.rb:75:in `new'
    /Users/tholkappiyan/.rvm/gems/ruby-1.8.7-p371@rails2.3.18/gems/activerecord-2.3.18/lib/active_record/connection_adapters/mysql_adapter.rb:75:in `mysql_connection'
    /Users/tholkappiyan/.rvm/gems/ruby-1.8.7-p371@rails2.3.18/gems/activerecord-2.3.18/lib/active_record/connection_adapters/abstract/connection_pool.rb:223:in `send'
    /Users/tholkappiyan/.rvm/gems/ruby-1.8.7-p371@rails2.3.18/gems/activerecord-2.3.18/lib/active_record/connection_adapters/abstract/connection_pool.rb:223:in `new_connection'
    /Users/tholkappiyan/.rvm/gems/ruby-1.8.7-p371@rails2.3.18/gems/activerecord-2.3.18/lib/active_record/connection_adapters/abstract/connection_pool.rb:245:in `checkout_new_connection'
    /Users/tholkappiyan/.rvm/gems/ruby-1.8.7-p371@rails2.3.18/gems/activerecord-2.3.18/lib/active_record/connection_adapters/abstract/connection_pool.rb:188:in `checkout'
    /Users/tholkappiyan/.rvm/gems/ruby-1.8.7-p371@rails2.3.18/gems/activerecord-2.3.18/lib/active_record/connection_adapters/abstract/connection_pool.rb:184:in `loop'
    /Users/tholkappiyan/.rvm/gems/ruby-1.8.7-p371@rails2.3.18/gems/activerecord-2.3.18/lib/active_record/connection_adapters/abstract/connection_pool.rb:184:in `checkout'
    /Users/tholkappiyan/.rvm/rubies/ruby-1.8.7-p371/lib/ruby/1.8/monitor.rb:242:in `synchronize'
    /Users/tholkappiyan/.rvm/gems/ruby-1.8.7-p371@rails2.3.18/gems/activerecord-2.3.18/lib/active_record/connection_adapters/abstract/connection_pool.rb:183:in `checkout'
    /Users/tholkappiyan/.rvm/gems/ruby-1.8.7-p371@rails2.3.18/gems/activerecord-2.3.18/lib/active_record/connection_adapters/abstract/connection_pool.rb:98:in `connection'
    /Users/tholkappiyan/.rvm/gems/ruby-1.8.7-p371@rails2.3.18/gems/activerecord-2.3.18/lib/active_record/connection_adapters/abstract/connection_pool.rb:326:in `retrieve_connection'
    /Users/tholkappiyan/.rvm/gems/ruby-1.8.7-p371@rails2.3.18/gems/activerecord-2.3.18/lib/active_record/connection_adapters/abstract/connection_specification.rb:123:in `retrieve_connection'
    /Users/tholkappiyan/.rvm/gems/ruby-1.8.7-p371@rails2.3.18/gems/activerecord-2.3.18/lib/active_record/connection_adapters/abstract/connection_specification.rb:115:in `connection'
    /Users/tholkappiyan/.rvm/gems/ruby-1.8.7-p371@rails2.3.18/gems/activerecord-2.3.18/lib/active_record/query_cache.rb:9:in `cache'
    /Users/tholkappiyan/.rvm/gems/ruby-1.8.7-p371@rails2.3.18/gems/activerecord-2.3.18/lib/active_record/query_cache.rb:28:in `call'
    /Users/tholkappiyan/.rvm/gems/ruby-1.8.7-p371@rails2.3.18/gems/activerecord-2.3.18/lib/active_record/connection_adapters/abstract/connection_pool.rb:361:in `call'
    /Users/tholkappiyan/.rvm/gems/ruby-1.8.7-p371@rails2.3.18/gems/actionpack-2.3.18/lib/action_controller/string_coercion.rb:25:in `call'
    /Users/tholkappiyan/.rvm/gems/ruby-1.8.7-p371@rails2.3.18/gems/rack-1.1.6/lib/rack/head.rb:9:in `call'
    /Users/tholkappiyan/.rvm/gems/ruby-1.8.7-p371@rails2.3.18/gems/rack-1.1.6/lib/rack/methodoverride.rb:24:in `call'
    /Users/tholkappiyan/.rvm/gems/ruby-1.8.7-p371@rails2.3.18/gems/actionpack-2.3.18/lib/action_controller/params_parser.rb:15:in `call'
    /Users/tholkappiyan/.rvm/gems/ruby-1.8.7-p371@rails2.3.18/gems/actionpack-2.3.18/lib/action_controller/session/cookie_store.rb:99:in `call'
    /Users/tholkappiyan/.rvm/gems/ruby-1.8.7-p371@rails2.3.18/gems/actionpack-2.3.18/lib/action_controller/failsafe.rb:26:in `call'
    /Users/tholkappiyan/.rvm/gems/ruby-1.8.7-p371@rails2.3.18/gems/rack-1.1.6/lib/rack/lock.rb:11:in `call'
    /Users/tholkappiyan/.rvm/gems/ruby-1.8.7-p371@rails2.3.18/gems/rack-1.1.6/lib/rack/lock.rb:11:in `synchronize'
    /Users/tholkappiyan/.rvm/gems/ruby-1.8.7-p371@rails2.3.18/gems/rack-1.1.6/lib/rack/lock.rb:11:in `call'
    /Users/tholkappiyan/.rvm/gems/ruby-1.8.7-p371@rails2.3.18/gems/actionpack-2.3.18/lib/action_controller/dispatcher.rb:114:in `call'
    /Users/tholkappiyan/.rvm/gems/ruby-1.8.7-p371@rails2.3.18/gems/actionpack-2.3.18/lib/action_controller/reloader.rb:34:in `run'
    /Users/tholkappiyan/.rvm/gems/ruby-1.8.7-p371@rails2.3.18/gems/actionpack-2.3.18/lib/action_controller/dispatcher.rb:108:in `call'
    /Users/tholkappiyan/.rvm/gems/ruby-1.8.7-p371@rails2.3.18/gems/rails-2.3.18/lib/rails/rack/static.rb:31:in `call'
    /Users/tholkappiyan/.rvm/gems/ruby-1.8.7-p371@rails2.3.18/gems/rack-1.1.6/lib/rack/urlmap.rb:47:in `call'
    /Users/tholkappiyan/.rvm/gems/ruby-1.8.7-p371@rails2.3.18/gems/rack-1.1.6/lib/rack/urlmap.rb:41:in `each'
    /Users/tholkappiyan/.rvm/gems/ruby-1.8.7-p371@rails2.3.18/gems/rack-1.1.6/lib/rack/urlmap.rb:41:in `call'
    /Users/tholkappiyan/.rvm/gems/ruby-1.8.7-p371@rails2.3.18/gems/rails-2.3.18/lib/rails/rack/log_tailer.rb:17:in `call'
    /Users/tholkappiyan/.rvm/gems/ruby-1.8.7-p371@rails2.3.18/gems/rack-1.1.6/lib/rack/content_length.rb:13:in `call'
    /Users/tholkappiyan/.rvm/gems/ruby-1.8.7-p371@rails2.3.18/gems/rack-1.1.6/lib/rack/handler/webrick.rb:48:in `service'
    /Users/tholkappiyan/.rvm/rubies/ruby-1.8.7-p371/lib/ruby/1.8/webrick/httpserver.rb:104:in `service'
    /Users/tholkappiyan/.rvm/rubies/ruby-1.8.7-p371/lib/ruby/1.8/webrick/httpserver.rb:65:in `run'
    /Users/tholkappiyan/.rvm/rubies/ruby-1.8.7-p371/lib/ruby/1.8/webrick/server.rb:173:in `start_thread'
    /Users/tholkappiyan/.rvm/rubies/ruby-1.8.7-p371/lib/ruby/1.8/webrick/server.rb:162:in `start'
    /Users/tholkappiyan/.rvm/rubies/ruby-1.8.7-p371/lib/ruby/1.8/webrick/server.rb:162:in `start_thread'
    /Users/tholkappiyan/.rvm/rubies/ruby-1.8.7-p371/lib/ruby/1.8/webrick/server.rb:95:in `start'
    /Users/tholkappiyan/.rvm/rubies/ruby-1.8.7-p371/lib/ruby/1.8/webrick/server.rb:92:in `each'
    /Users/tholkappiyan/.rvm/rubies/ruby-1.8.7-p371/lib/ruby/1.8/webrick/server.rb:92:in `start'
    /Users/tholkappiyan/.rvm/rubies/ruby-1.8.7-p371/lib/ruby/1.8/webrick/server.rb:23:in `start'
    /Users/tholkappiyan/.rvm/rubies/ruby-1.8.7-p371/lib/ruby/1.8/webrick/server.rb:82:in `start'
    /Users/tholkappiyan/.rvm/gems/ruby-1.8.7-p371@rails2.3.18/gems/rack-1.1.6/lib/rack/handler/webrick.rb:14:in `run'
    /Users/tholkappiyan/.rvm/gems/ruby-1.8.7-p371@rails2.3.18/gems/rails-2.3.18/lib/commands/server.rb:111
    /Users/tholkappiyan/.rvm/rubies/ruby-1.8.7-p371/lib/ruby/site_ruby/1.8/rubygems/custom_require.rb:55:in `gem_original_require'
    /Users/tholkappiyan/.rvm/rubies/ruby-1.8.7-p371/lib/ruby/site_ruby/1.8/rubygems/custom_require.rb:55:in `require'
    script/server:3
/!\ FAILSAFE /!\  Fri Aug 16 12:18:01 +0530 2013
  Status: 500 Internal Server Error
  Unknown database 'test_app_v3_development'
    /Users/tholkappiyan/.rvm/gems/ruby-1.8.7-p371@rails2.3.18/gems/activerecord-2.3.18/lib/active_record/connection_adapters/mysql_adapter.rb:620:in `real_connect'
    /Users/tholkappiyan/.rvm/gems/ruby-1.8.7-p371@rails2.3.18/gems/activerecord-2.3.18/lib/active_record/connection_adapters/mysql_adapter.rb:620:in `connect'
    /Users/tholkappiyan/.rvm/gems/ruby-1.8.7-p371@rails2.3.18/gems/activerecord-2.3.18/lib/active_record/connection_adapters/mysql_adapter.rb:203:in `initialize'
    /Users/tholkappiyan/.rvm/gems/ruby-1.8.7-p371@rails2.3.18/gems/activerecord-2.3.18/lib/active_record/connection_adapters/mysql_adapter.rb:75:in `new'
    /Users/tholkappiyan/.rvm/gems/ruby-1.8.7-p371@rails2.3.18/gems/activerecord-2.3.18/lib/active_record/connection_adapters/mysql_adapter.rb:75:in `mysql_connection'
    /Users/tholkappiyan/.rvm/gems/ruby-1.8.7-p371@rails2.3.18/gems/activerecord-2.3.18/lib/active_record/connection_adapters/abstract/connection_pool.rb:223:in `send'
    /Users/tholkappiyan/.rvm/gems/ruby-1.8.7-p371@rails2.3.18/gems/activerecord-2.3.18/lib/active_record/connection_adapters/abstract/connection_pool.rb:223:in `new_connection'
    /Users/tholkappiyan/.rvm/gems/ruby-1.8.7-p371@rails2.3.18/gems/activerecord-2.3.18/lib/active_record/connection_adapters/abstract/connection_pool.rb:245:in `checkout_new_connection'
    /Users/tholkappiyan/.rvm/gems/ruby-1.8.7-p371@rails2.3.18/gems/activerecord-2.3.18/lib/active_record/connection_adapters/abstract/connection_pool.rb:188:in `checkout'
    /Users/tholkappiyan/.rvm/gems/ruby-1.8.7-p371@rails2.3.18/gems/activerecord-2.3.18/lib/active_record/connection_adapters/abstract/connection_pool.rb:184:in `loop'
    /Users/tholkappiyan/.rvm/gems/ruby-1.8.7-p371@rails2.3.18/gems/activerecord-2.3.18/lib/active_record/connection_adapters/abstract/connection_pool.rb:184:in `checkout'
    /Users/tholkappiyan/.rvm/rubies/ruby-1.8.7-p371/lib/ruby/1.8/monitor.rb:242:in `synchronize'
    /Users/tholkappiyan/.rvm/gems/ruby-1.8.7-p371@rails2.3.18/gems/activerecord-2.3.18/lib/active_record/connection_adapters/abstract/connection_pool.rb:183:in `checkout'
    /Users/tholkappiyan/.rvm/gems/ruby-1.8.7-p371@rails2.3.18/gems/activerecord-2.3.18/lib/active_record/connection_adapters/abstract/connection_pool.rb:98:in `connection'
    /Users/tholkappiyan/.rvm/gems/ruby-1.8.7-p371@rails2.3.18/gems/activerecord-2.3.18/lib/active_record/connection_adapters/abstract/connection_pool.rb:326:in `retrieve_connection'
    /Users/tholkappiyan/.rvm/gems/ruby-1.8.7-p371@rails2.3.18/gems/activerecord-2.3.18/lib/active_record/connection_adapters/abstract/connection_specification.rb:123:in `retrieve_connection'
    /Users/tholkappiyan/.rvm/gems/ruby-1.8.7-p371@rails2.3.18/gems/activerecord-2.3.18/lib/active_record/connection_adapters/abstract/connection_specification.rb:115:in `connection'
    /Users/tholkappiyan/.rvm/gems/ruby-1.8.7-p371@rails2.3.18/gems/activerecord-2.3.18/lib/active_record/query_cache.rb:9:in `cache'
    /Users/tholkappiyan/.rvm/gems/ruby-1.8.7-p371@rails2.3.18/gems/activerecord-2.3.18/lib/active_record/query_cache.rb:28:in `call'
    /Users/tholkappiyan/.rvm/gems/ruby-1.8.7-p371@rails2.3.18/gems/activerecord-2.3.18/lib/active_record/connection_adapters/abstract/connection_pool.rb:361:in `call'
    /Users/tholkappiyan/.rvm/gems/ruby-1.8.7-p371@rails2.3.18/gems/actionpack-2.3.18/lib/action_controller/string_coercion.rb:25:in `call'
    /Users/tholkappiyan/.rvm/gems/ruby-1.8.7-p371@rails2.3.18/gems/rack-1.1.6/lib/rack/head.rb:9:in `call'
    /Users/tholkappiyan/.rvm/gems/ruby-1.8.7-p371@rails2.3.18/gems/rack-1.1.6/lib/rack/methodoverride.rb:24:in `call'
    /Users/tholkappiyan/.rvm/gems/ruby-1.8.7-p371@rails2.3.18/gems/actionpack-2.3.18/lib/action_controller/params_parser.rb:15:in `call'
    /Users/tholkappiyan/.rvm/gems/ruby-1.8.7-p371@rails2.3.18/gems/actionpack-2.3.18/lib/action_controller/session/cookie_store.rb:99:in `call'
    /Users/tholkappiyan/.rvm/gems/ruby-1.8.7-p371@rails2.3.18/gems/actionpack-2.3.18/lib/action_controller/failsafe.rb:26:in `call'
    /Users/tholkappiyan/.rvm/gems/ruby-1.8.7-p371@rails2.3.18/gems/rack-1.1.6/lib/rack/lock.rb:11:in `call'
    /Users/tholkappiyan/.rvm/gems/ruby-1.8.7-p371@rails2.3.18/gems/rack-1.1.6/lib/rack/lock.rb:11:in `synchronize'
    /Users/tholkappiyan/.rvm/gems/ruby-1.8.7-p371@rails2.3.18/gems/rack-1.1.6/lib/rack/lock.rb:11:in `call'
    /Users/tholkappiyan/.rvm/gems/ruby-1.8.7-p371@rails2.3.18/gems/actionpack-2.3.18/lib/action_controller/dispatcher.rb:114:in `call'
    /Users/tholkappiyan/.rvm/gems/ruby-1.8.7-p371@rails2.3.18/gems/actionpack-2.3.18/lib/action_controller/reloader.rb:34:in `run'
    /Users/tholkappiyan/.rvm/gems/ruby-1.8.7-p371@rails2.3.18/gems/actionpack-2.3.18/lib/action_controller/dispatcher.rb:108:in `call'
    /Users/tholkappiyan/.rvm/gems/ruby-1.8.7-p371@rails2.3.18/gems/rails-2.3.18/lib/rails/rack/static.rb:31:in `call'
    /Users/tholkappiyan/.rvm/gems/ruby-1.8.7-p371@rails2.3.18/gems/rack-1.1.6/lib/rack/urlmap.rb:47:in `call'
    /Users/tholkappiyan/.rvm/gems/ruby-1.8.7-p371@rails2.3.18/gems/rack-1.1.6/lib/rack/urlmap.rb:41:in `each'
    /Users/tholkappiyan/.rvm/gems/ruby-1.8.7-p371@rails2.3.18/gems/rack-1.1.6/lib/rack/urlmap.rb:41:in `call'
    /Users/tholkappiyan/.rvm/gems/ruby-1.8.7-p371@rails2.3.18/gems/rails-2.3.18/lib/rails/rack/log_tailer.rb:17:in `call'
    /Users/tholkappiyan/.rvm/gems/ruby-1.8.7-p371@rails2.3.18/gems/rack-1.1.6/lib/rack/content_length.rb:13:in `call'
    /Users/tholkappiyan/.rvm/gems/ruby-1.8.7-p371@rails2.3.18/gems/rack-1.1.6/lib/rack/handler/webrick.rb:48:in `service'
    /Users/tholkappiyan/.rvm/rubies/ruby-1.8.7-p371/lib/ruby/1.8/webrick/httpserver.rb:104:in `service'
    /Users/tholkappiyan/.rvm/rubies/ruby-1.8.7-p371/lib/ruby/1.8/webrick/httpserver.rb:65:in `run'
    /Users/tholkappiyan/.rvm/rubies/ruby-1.8.7-p371/lib/ruby/1.8/webrick/server.rb:173:in `start_thread'
    /Users/tholkappiyan/.rvm/rubies/ruby-1.8.7-p371/lib/ruby/1.8/webrick/server.rb:162:in `start'
    /Users/tholkappiyan/.rvm/rubies/ruby-1.8.7-p371/lib/ruby/1.8/webrick/server.rb:162:in `start_thread'
    /Users/tholkappiyan/.rvm/rubies/ruby-1.8.7-p371/lib/ruby/1.8/webrick/server.rb:95:in `start'
    /Users/tholkappiyan/.rvm/rubies/ruby-1.8.7-p371/lib/ruby/1.8/webrick/server.rb:92:in `each'
    /Users/tholkappiyan/.rvm/rubies/ruby-1.8.7-p371/lib/ruby/1.8/webrick/server.rb:92:in `start'
    /Users/tholkappiyan/.rvm/rubies/ruby-1.8.7-p371/lib/ruby/1.8/webrick/server.rb:23:in `start'
    /Users/tholkappiyan/.rvm/rubies/ruby-1.8.7-p371/lib/ruby/1.8/webrick/server.rb:82:in `start'
    /Users/tholkappiyan/.rvm/gems/ruby-1.8.7-p371@rails2.3.18/gems/rack-1.1.6/lib/rack/handler/webrick.rb:14:in `run'
    /Users/tholkappiyan/.rvm/gems/ruby-1.8.7-p371@rails2.3.18/gems/rails-2.3.18/lib/commands/server.rb:111
    /Users/tholkappiyan/.rvm/rubies/ruby-1.8.7-p371/lib/ruby/site_ruby/1.8/rubygems/custom_require.rb:55:in `gem_original_require'
    /Users/tholkappiyan/.rvm/rubies/ruby-1.8.7-p371/lib/ruby/site_ruby/1.8/rubygems/custom_require.rb:55:in `require'
    script/server:3
  [4;36;1mSQL (0.2ms)[0m   [0;1mSET NAMES 'utf8'[0m
  [4;35;1mSQL (0.1ms)[0m   [0mSET SQL_AUTO_IS_NULL=0[0m


Processing TestController#home (for 127.0.0.1 at 2013-08-16 12:20:13) [GET]
Rendering test/home
Completed in 34ms (View: 33, DB: 0) | 200 OK [http://localhost/test/home]
  [4;36;1mSQL (0.1ms)[0m   [0;1mSET NAMES 'utf8'[0m
  [4;35;1mSQL (0.1ms)[0m   [0mSET SQL_AUTO_IS_NULL=0[0m


Processing TestController#home (for 127.0.0.1 at 2013-08-16 12:21:20) [GET]
Rendering test/home
Completed in 4ms (View: 4, DB: 0) | 200 OK [http://localhost/test/home]
  [4;36;1mSQL (0.1ms)[0m   [0;1mSET NAMES 'utf8'[0m
  [4;35;1mSQL (0.1ms)[0m   [0mSET SQL_AUTO_IS_NULL=0[0m


Processing TestController#home (for 127.0.0.1 at 2013-08-16 12:21:20) [GET]
Rendering test/home
Completed in 1ms (View: 0, DB: 0) | 200 OK [http://localhost/test/home]
  [4;36;1mSQL (0.1ms)[0m   [0;1mSET NAMES 'utf8'[0m
  [4;35;1mSQL (0.1ms)[0m   [0mSET SQL_AUTO_IS_NULL=0[0m


Processing TestController#home (for 127.0.0.1 at 2013-08-16 12:21:20) [GET]
Rendering test/home
Completed in 1ms (View: 0, DB: 0) | 200 OK [http://localhost/test/home]
  [4;36;1mSQL (0.1ms)[0m   [0;1mSET NAMES 'utf8'[0m
  [4;35;1mSQL (0.1ms)[0m   [0mSET SQL_AUTO_IS_NULL=0[0m


Processing TestController#home (for 127.0.0.1 at 2013-08-16 12:24:52) [GET]
Rendering test/home
Completed in 13ms (View: 12, DB: 0) | 200 OK [http://localhost/test/home]
  [4;36;1mSQL (0.1ms)[0m   [0;1mSET NAMES 'utf8'[0m
  [4;35;1mSQL (0.1ms)[0m   [0mSET SQL_AUTO_IS_NULL=0[0m


Processing TestController#home (for 127.0.0.1 at 2013-08-16 12:24:55) [GET]
Rendering test/home
Completed in 1ms (View: 1, DB: 0) | 200 OK [http://localhost/test/home]
  [4;36;1mSQL (0.1ms)[0m   [0;1mSET NAMES 'utf8'[0m
  [4;35;1mSQL (0.0ms)[0m   [0mSET SQL_AUTO_IS_NULL=0[0m


Processing TestController#home (for 127.0.0.1 at 2013-08-16 12:25:42) [GET]
Rendering test/home
Completed in 3ms (View: 2, DB: 0) | 200 OK [http://localhost/test/home]
  [4;36;1mSQL (0.1ms)[0m   [0;1mSET NAMES 'utf8'[0m
  [4;35;1mSQL (0.1ms)[0m   [0mSET SQL_AUTO_IS_NULL=0[0m


Processing TestController#home (for 127.0.0.1 at 2013-08-16 12:25:49) [GET]
Rendering test/home
Completed in 2ms (View: 1, DB: 0) | 200 OK [http://localhost/test_page/home]
  [4;36;1mSQL (0.1ms)[0m   [0;1mSET NAMES 'utf8'[0m
  [4;35;1mSQL (0.0ms)[0m   [0mSET SQL_AUTO_IS_NULL=0[0m


Processing TestController#home (for 127.0.0.1 at 2013-08-16 12:32:28) [GET]
Rendering test/home

ActionView::TemplateError (undefined local variable or method `test_pages_one_path' for #<ActionView::Base:0x10d03b9a8>) on line #4 of app/views/test/home.html.erb:
1: <%= link_to "abc", test_home_page_path %>
2: 
3: <h3>Sample Rails App</h3>
4: <%= link_to "Test Pages : 1", test_pages_one_path %> </br>
5: <%= link_to "Test Pages : 2", test_pages_two_path %>

    app/views/test/home.html.erb:4
    /Users/tholkappiyan/.rvm/rubies/ruby-1.8.7-p371/lib/ruby/1.8/webrick/httpserver.rb:104:in `service'
    /Users/tholkappiyan/.rvm/rubies/ruby-1.8.7-p371/lib/ruby/1.8/webrick/httpserver.rb:65:in `run'
    /Users/tholkappiyan/.rvm/rubies/ruby-1.8.7-p371/lib/ruby/1.8/webrick/server.rb:173:in `start_thread'
    /Users/tholkappiyan/.rvm/rubies/ruby-1.8.7-p371/lib/ruby/1.8/webrick/server.rb:162:in `start'
    /Users/tholkappiyan/.rvm/rubies/ruby-1.8.7-p371/lib/ruby/1.8/webrick/server.rb:162:in `start_thread'
    /Users/tholkappiyan/.rvm/rubies/ruby-1.8.7-p371/lib/ruby/1.8/webrick/server.rb:95:in `start'
    /Users/tholkappiyan/.rvm/rubies/ruby-1.8.7-p371/lib/ruby/1.8/webrick/server.rb:92:in `each'
    /Users/tholkappiyan/.rvm/rubies/ruby-1.8.7-p371/lib/ruby/1.8/webrick/server.rb:92:in `start'
    /Users/tholkappiyan/.rvm/rubies/ruby-1.8.7-p371/lib/ruby/1.8/webrick/server.rb:23:in `start'
    /Users/tholkappiyan/.rvm/rubies/ruby-1.8.7-p371/lib/ruby/1.8/webrick/server.rb:82:in `start'

Rendered rescues/_trace (31.0ms)
Rendered rescues/_request_and_response (0.9ms)
Rendering rescues/layout (internal_server_error)
  [4;36;1mSQL (0.1ms)[0m   [0;1mSET NAMES 'utf8'[0m
  [4;35;1mSQL (0.1ms)[0m   [0mSET SQL_AUTO_IS_NULL=0[0m


Processing TestController#home (for 127.0.0.1 at 2013-08-16 12:33:59) [GET]
Rendering test/home

ActionView::TemplateError (undefined local variable or method `test_home_page_path' for #<ActionView::Base:0x104f98c38>) on line #1 of app/views/test/home.html.erb:
1: <%= link_to "abc", test_home_page_path %>
2: 
3: <h3>Sample Rails App</h3>
4: <%= link_to "Test Pages : 1", test_one_path %> </br>

    app/views/test/home.html.erb:1
    /Users/tholkappiyan/.rvm/rubies/ruby-1.8.7-p371/lib/ruby/1.8/webrick/httpserver.rb:104:in `service'
    /Users/tholkappiyan/.rvm/rubies/ruby-1.8.7-p371/lib/ruby/1.8/webrick/httpserver.rb:65:in `run'
    /Users/tholkappiyan/.rvm/rubies/ruby-1.8.7-p371/lib/ruby/1.8/webrick/server.rb:173:in `start_thread'
    /Users/tholkappiyan/.rvm/rubies/ruby-1.8.7-p371/lib/ruby/1.8/webrick/server.rb:162:in `start'
    /Users/tholkappiyan/.rvm/rubies/ruby-1.8.7-p371/lib/ruby/1.8/webrick/server.rb:162:in `start_thread'
    /Users/tholkappiyan/.rvm/rubies/ruby-1.8.7-p371/lib/ruby/1.8/webrick/server.rb:95:in `start'
    /Users/tholkappiyan/.rvm/rubies/ruby-1.8.7-p371/lib/ruby/1.8/webrick/server.rb:92:in `each'
    /Users/tholkappiyan/.rvm/rubies/ruby-1.8.7-p371/lib/ruby/1.8/webrick/server.rb:92:in `start'
    /Users/tholkappiyan/.rvm/rubies/ruby-1.8.7-p371/lib/ruby/1.8/webrick/server.rb:23:in `start'
    /Users/tholkappiyan/.rvm/rubies/ruby-1.8.7-p371/lib/ruby/1.8/webrick/server.rb:82:in `start'

Rendered rescues/_trace (33.4ms)
Rendered rescues/_request_and_response (1.0ms)
Rendering rescues/layout (internal_server_error)
  [4;36;1mSQL (0.1ms)[0m   [0;1mSET NAMES 'utf8'[0m
  [4;35;1mSQL (0.1ms)[0m   [0mSET SQL_AUTO_IS_NULL=0[0m


Processing TestController#home (for 127.0.0.1 at 2013-08-16 12:34:12) [GET]
Rendering test/home
Completed in 3ms (View: 3, DB: 0) | 200 OK [http://localhost/test/home]
  [4;36;1mSQL (0.1ms)[0m   [0;1mSET NAMES 'utf8'[0m
  [4;35;1mSQL (0.1ms)[0m   [0mSET SQL_AUTO_IS_NULL=0[0m


Processing TestController#one (for 127.0.0.1 at 2013-08-16 12:34:13) [GET]
Rendering test/one
Completed in 4ms (View: 3, DB: 0) | 200 OK [http://localhost/test/one]
  [4;36;1mSQL (0.1ms)[0m   [0;1mSET NAMES 'utf8'[0m
  [4;35;1mSQL (0.1ms)[0m   [0mSET SQL_AUTO_IS_NULL=0[0m


Processing TestController#two (for 127.0.0.1 at 2013-08-16 12:34:15) [GET]
Rendering test/two
Completed in 4ms (View: 3, DB: 0) | 200 OK [http://localhost/test/two]
  [4;36;1mSQL (0.1ms)[0m   [0;1mSET NAMES 'utf8'[0m
  [4;35;1mSQL (0.1ms)[0m   [0mSET SQL_AUTO_IS_NULL=0[0m


Processing TestController#home (for 127.0.0.1 at 2013-08-16 12:34:17) [GET]
Rendering test/home
Completed in 2ms (View: 1, DB: 0) | 200 OK [http://localhost/test/home]
  [4;36;1mSQL (0.1ms)[0m   [0;1mSET NAMES 'utf8'[0m
  [4;35;1mSQL (0.1ms)[0m   [0mSET SQL_AUTO_IS_NULL=0[0m


Processing TestController#home (for 127.0.0.1 at 2013-08-16 12:34:25) [GET]
Rendering test/home
Completed in 4ms (View: 3, DB: 0) | 200 OK [http://localhost/test/home]
